<?xml version="1.0" encoding="UTF-8"?>
<!-- Generated by org.testng.reporters.JUnitXMLReporter -->
<testsuite hostname="DESKTOP-5BDCR5P" ignored="0" name="com-ultimateqa-pagefactorymodel" tests="2" failures="0" timestamp="2022-12-13T16:08:02 GMT" time="21.97" errors="0">
  <testcase name="userShouldNavigateToLoginPageSuccessfully" time="2.531" classname="com.ultimateqa.testsuite.LoginTest"/>
  <testcase name="verifyTheErrorMessage" time="4.793" classname="com.ultimateqa.testsuite.LoginTest"/>
</testsuite> <!-- com-ultimateqa-pagefactorymodel -->
