<?xml version="1.0" encoding="UTF-8"?>
<!-- Generated by org.testng.reporters.JUnitXMLReporter -->
<testsuite hostname="DESKTOP-5BDCR5P" ignored="0" name="Regression Test" tests="2" failures="0" timestamp="2022-12-13T16:24:53 GMT" time="21.481" errors="0">
  <testcase name="userShouldNavigateToLoginPageSuccessfully" time="2.287" classname="com.ultimateqa.testsuite.LoginTest"/>
  <testcase name="verifyTheErrorMessage" time="4.905" classname="com.ultimateqa.testsuite.LoginTest"/>
</testsuite> <!-- Regression Test -->
